Build started 11/30/2015 10:46:35 PM.
     1>Project "C:\Users\Brandon\Desktop\Funtime SFML\Timer\Timer.vcxproj" on node 2 (Build target(s)).
     1>ClCompile:
         C:\Program Files (x86)\Microsoft Visual Studio 14.0\VC\bin\CL.exe /c /ZI /nologo /W3 /WX- /sdl /Od /Oy- /D WIN32 /D _DEBUG /D _CONSOLE /D _UNICODE /D UNICODE /Gm /EHsc /RTC1 /MDd /GS /fp:precise /Zc:wchar_t /Zc:forScope /Zc:inline /Fo"Debug\\" /Fd"Debug\vc140.pdb" /Gd /TP /analyze- /errorReport:prompt Player.cpp
         Player.cpp
     1>c:\users\brandon\desktop\funtime sfml\timer\player.cpp(45): warning C4244: 'argument': conversion from 'float' to 'unsigned int', possible loss of data
     1>c:\users\brandon\desktop\funtime sfml\timer\player.cpp(46): warning C4244: 'argument': conversion from 'float' to 'unsigned int', possible loss of data
     1>c:\users\brandon\desktop\funtime sfml\timer\player.cpp(51): warning C4244: 'argument': conversion from 'float' to 'unsigned int', possible loss of data
     1>c:\users\brandon\desktop\funtime sfml\timer\player.cpp(52): warning C4244: 'argument': conversion from 'float' to 'unsigned int', possible loss of data
       Link:
         C:\Program Files (x86)\Microsoft Visual Studio 14.0\VC\bin\link.exe /ERRORREPORT:PROMPT /OUT:"C:\Users\Brandon\Desktop\Funtime SFML\Timer\Debug\Timer.exe" /INCREMENTAL /NOLOGO "sfml-system-d.lib" "sfml-window-d.lib" "sfml-graphics-d.lib" "sfml-audio-d.lib" kernel32.lib user32.lib gdi32.lib winspool.lib comdlg32.lib advapi32.lib shell32.lib ole32.lib oleaut32.lib uuid.lib odbc32.lib odbccp32.lib kernel32.lib user32.lib gdi32.lib winspool.lib comdlg32.lib advapi32.lib shell32.lib ole32.lib oleaut32.lib uuid.lib odbc32.lib odbccp32.lib /MANIFEST /MANIFESTUAC:"level='asInvoker' uiAccess='false'" /manifest:embed /Debug /PDB:"C:\Users\Brandon\Desktop\Funtime SFML\Timer\Debug\Timer.pdb" /SUBSYSTEM:CONSOLE /TLBID:1 /DYNAMICBASE /NXCOMPAT /IMPLIB:"C:\Users\Brandon\Desktop\Funtime SFML\Timer\Debug\Timer.lib" /MACHINE:X86 Debug\pugixml.obj
         Debug\Entity.obj
         Debug\Game.obj
         Debug\Level.obj
         Debug\main.obj
         Debug\Player.obj
         Timer.vcxproj -> C:\Users\Brandon\Desktop\Funtime SFML\Timer\Debug\Timer.exe
     1>Done Building Project "C:\Users\Brandon\Desktop\Funtime SFML\Timer\Timer.vcxproj" (Build target(s)).

Build succeeded.

Time Elapsed 00:00:00.73
